[01-Mar-2023 12:44:37 UTC] PHP Fatal error:  Uncaught Error: Call to undefined function create_function() in /home/webihostcom/public_html/horizon/wp-content/themes/horizon/functions.php:47
Stack trace:
#0 /home/webihostcom/public_html/horizon/wp-settings.php(585): include()
#1 /home/webihostcom/public_html/horizon/wp-config.php(103): require_once('/home/webihostc...')
#2 /home/webihostcom/public_html/horizon/wp-load.php(50): require_once('/home/webihostc...')
#3 /home/webihostcom/public_html/horizon/wp-blog-header.php(13): require_once('/home/webihostc...')
#4 /home/webihostcom/public_html/horizon/index.php(17): require('/home/webihostc...')
#5 {main}
  thrown in /home/webihostcom/public_html/horizon/wp-content/themes/horizon/functions.php on line 47
[01-Mar-2023 12:45:16 UTC] PHP Warning:  Trying to access array offset on value of type bool in /home/webihostcom/public_html/horizon/wp-content/themes/horizon/class/Classe.php on line 30
[01-Mar-2023 12:45:16 UTC] PHP Warning:  Undefined array key 1 in /home/webihostcom/public_html/horizon/wp-content/themes/horizon/class/Classe.php on line 32
[01-Mar-2023 12:45:16 UTC] PHP Warning:  Trying to access array offset on value of type bool in /home/webihostcom/public_html/horizon/wp-content/themes/horizon/class/Classe.php on line 30
[01-Mar-2023 12:45:16 UTC] PHP Warning:  Undefined array key 1 in /home/webihostcom/public_html/horizon/wp-content/themes/horizon/class/Classe.php on line 32
[01-Mar-2023 12:45:16 UTC] PHP Warning:  Undefined variable $x in /home/webihostcom/public_html/horizon/wp-content/themes/horizon/index.php on line 161
[01-Mar-2023 12:45:16 UTC] PHP Warning:  Trying to access array offset on value of type bool in /home/webihostcom/public_html/horizon/wp-content/themes/horizon/class/Classe.php on line 30
[01-Mar-2023 12:45:16 UTC] PHP Warning:  Undefined array key 1 in /home/webihostcom/public_html/horizon/wp-content/themes/horizon/class/Classe.php on line 32
[01-Mar-2023 12:45:16 UTC] PHP Warning:  Trying to access array offset on value of type bool in /home/webihostcom/public_html/horizon/wp-content/themes/horizon/class/Classe.php on line 30
[01-Mar-2023 12:45:16 UTC] PHP Warning:  Undefined array key 1 in /home/webihostcom/public_html/horizon/wp-content/themes/horizon/class/Classe.php on line 32
[01-Mar-2023 12:45:16 UTC] PHP Warning:  Trying to access array offset on value of type bool in /home/webihostcom/public_html/horizon/wp-content/themes/horizon/class/Classe.php on line 30
[01-Mar-2023 12:45:16 UTC] PHP Warning:  Undefined array key 1 in /home/webihostcom/public_html/horizon/wp-content/themes/horizon/class/Classe.php on line 32
[01-Mar-2023 12:45:16 UTC] PHP Warning:  Trying to access array offset on value of type bool in /home/webihostcom/public_html/horizon/wp-content/themes/horizon/class/Classe.php on line 30
[01-Mar-2023 12:45:16 UTC] PHP Warning:  Undefined array key 1 in /home/webihostcom/public_html/horizon/wp-content/themes/horizon/class/Classe.php on line 32
[01-Mar-2023 12:45:16 UTC] PHP Warning:  Undefined variable $x in /home/webihostcom/public_html/horizon/wp-content/themes/horizon/index.php on line 161
[01-Mar-2023 12:45:18 UTC] PHP Warning:  Trying to access array offset on value of type bool in /home/webihostcom/public_html/horizon/wp-content/themes/horizon/class/Classe.php on line 30
[01-Mar-2023 12:45:18 UTC] PHP Warning:  Undefined array key 1 in /home/webihostcom/public_html/horizon/wp-content/themes/horizon/class/Classe.php on line 32
[01-Mar-2023 12:45:18 UTC] PHP Warning:  Trying to access array offset on value of type bool in /home/webihostcom/public_html/horizon/wp-content/themes/horizon/class/Classe.php on line 30
[01-Mar-2023 12:45:18 UTC] PHP Warning:  Undefined array key 1 in /home/webihostcom/public_html/horizon/wp-content/themes/horizon/class/Classe.php on line 32
[01-Mar-2023 12:45:18 UTC] PHP Warning:  Undefined variable $x in /home/webihostcom/public_html/horizon/wp-content/themes/horizon/index.php on line 161
[01-Mar-2023 12:45:18 UTC] PHP Warning:  Trying to access array offset on value of type bool in /home/webihostcom/public_html/horizon/wp-content/themes/horizon/class/Classe.php on line 30
[01-Mar-2023 12:45:18 UTC] PHP Warning:  Undefined array key 1 in /home/webihostcom/public_html/horizon/wp-content/themes/horizon/class/Classe.php on line 32
[01-Mar-2023 12:45:18 UTC] PHP Warning:  Trying to access array offset on value of type bool in /home/webihostcom/public_html/horizon/wp-content/themes/horizon/class/Classe.php on line 30
[01-Mar-2023 12:45:18 UTC] PHP Warning:  Undefined array key 1 in /home/webihostcom/public_html/horizon/wp-content/themes/horizon/class/Classe.php on line 32
[01-Mar-2023 12:45:18 UTC] PHP Warning:  Undefined variable $x in /home/webihostcom/public_html/horizon/wp-content/themes/horizon/index.php on line 161
[01-Mar-2023 12:45:18 UTC] PHP Warning:  Trying to access array offset on value of type bool in /home/webihostcom/public_html/horizon/wp-content/themes/horizon/class/Classe.php on line 30
[01-Mar-2023 12:45:18 UTC] PHP Warning:  Undefined array key 1 in /home/webihostcom/public_html/horizon/wp-content/themes/horizon/class/Classe.php on line 32
[01-Mar-2023 12:45:18 UTC] PHP Warning:  Trying to access array offset on value of type bool in /home/webihostcom/public_html/horizon/wp-content/themes/horizon/class/Classe.php on line 30
[01-Mar-2023 12:45:18 UTC] PHP Warning:  Undefined array key 1 in /home/webihostcom/public_html/horizon/wp-content/themes/horizon/class/Classe.php on line 32
[01-Mar-2023 12:45:18 UTC] PHP Warning:  Undefined variable $x in /home/webihostcom/public_html/horizon/wp-content/themes/horizon/index.php on line 161
[01-Mar-2023 12:45:18 UTC] PHP Warning:  Trying to access array offset on value of type bool in /home/webihostcom/public_html/horizon/wp-content/themes/horizon/class/Classe.php on line 30
[01-Mar-2023 12:45:18 UTC] PHP Warning:  Undefined array key 1 in /home/webihostcom/public_html/horizon/wp-content/themes/horizon/class/Classe.php on line 32
[01-Mar-2023 12:45:18 UTC] PHP Warning:  Trying to access array offset on value of type bool in /home/webihostcom/public_html/horizon/wp-content/themes/horizon/class/Classe.php on line 30
[01-Mar-2023 12:45:18 UTC] PHP Warning:  Undefined array key 1 in /home/webihostcom/public_html/horizon/wp-content/themes/horizon/class/Classe.php on line 32
[01-Mar-2023 12:45:18 UTC] PHP Warning:  Undefined variable $x in /home/webihostcom/public_html/horizon/wp-content/themes/horizon/index.php on line 161
